================================================================== 
0.0 0.25 0.5 0.75 
------------------------------------------------------------------ 
if((t1[o1[i]]) && ((t2[o2[i]]))) { 
    answer[j] = i; 
    j += (t3[o3[i]] & t4[o4[i]]); 
} 
------------------------------------------------------------------ 
cost: 7.0
================================================================== 
0.05 0.25 0.5 0.75 
------------------------------------------------------------------ 
if((t1[o1[i]]) && ((t2[o2[i]]))) { 
    answer[j] = i; 
    j += (t3[o3[i]] & t4[o4[i]]); 
} 
------------------------------------------------------------------ 
cost: 8.512500022538006
================================================================== 
0.1 0.25 0.5 0.75 
------------------------------------------------------------------ 
if((t1[o1[i]]) && ((t2[o2[i]]))) { 
    answer[j] = i; 
    j += (t3[o3[i]] & t4[o4[i]]); 
} 
------------------------------------------------------------------ 
cost: 10.025000045076013
================================================================== 
0.15 0.25 0.5 0.75 
------------------------------------------------------------------ 
if((t1[o1[i]]) && ((t2[o2[i]]))) { 
    answer[j] = i; 
    j += (t3[o3[i]] & t4[o4[i]]); 
} 
------------------------------------------------------------------ 
cost: 11.53750018030405
================================================================== 
0.2 0.25 0.5 0.75 
------------------------------------------------------------------ 
if((t1[o1[i]]) && ((t2[o2[i]]))) { 
    answer[j] = i; 
    j += (t3[o3[i]] & t4[o4[i]]); 
} 
------------------------------------------------------------------ 
cost: 13.050000090152025
================================================================== 
0.25 0.25 0.5 0.75 
------------------------------------------------------------------ 
if((t2[o2[i]]) && ((t1[o1[i]]))) { 
    answer[j] = i; 
    j += (t3[o3[i]] & t4[o4[i]]); 
} 
------------------------------------------------------------------ 
cost: 14.5625
================================================================== 
0.3 0.25 0.5 0.75 
------------------------------------------------------------------ 
if((t2[o2[i]]) && ((t1[o1[i]]))) { 
    answer[j] = i; 
    j += (t3[o3[i]] & t4[o4[i]]); 
} 
------------------------------------------------------------------ 
cost: 14.925000086426735
================================================================== 
0.35 0.25 0.5 0.75 
------------------------------------------------------------------ 
if((t2[o2[i]]) && ((t1[o1[i]] & t3[o3[i]]))) { 
    answer[j] = i; 
    j += (t4[o4[i]]); 
} 
------------------------------------------------------------------ 
cost: 15.256249982863665
================================================================== 
0.4 0.25 0.5 0.75 
------------------------------------------------------------------ 
if((t2[o2[i]]) && ((t1[o1[i]] & t3[o3[i]]))) { 
    answer[j] = i; 
    j += (t4[o4[i]]); 
} 
------------------------------------------------------------------ 
cost: 15.400000017136335
================================================================== 
0.45 0.25 0.5 0.75 
------------------------------------------------------------------ 
if((t2[o2[i]]) && ((t1[o1[i]] & t3[o3[i]]))) { 
    answer[j] = i; 
    j += (t4[o4[i]]); 
} 
------------------------------------------------------------------ 
cost: 15.54374996572733
================================================================== 
0.5 0.25 0.5 0.75 
------------------------------------------------------------------ 
if((t2[o2[i]]) && ((t1[o1[i]] & t3[o3[i]]))) { 
    answer[j] = i; 
    j += (t4[o4[i]]); 
} 
------------------------------------------------------------------ 
cost: 15.6875
================================================================== 
0.55 0.25 0.5 0.75 
------------------------------------------------------------------ 
if((t2[o2[i]])) { 
    answer[j] = i; 
    j += (t1[o1[i]] & t3[o3[i]] & t4[o4[i]]); 
} 
------------------------------------------------------------------ 
cost: 15.75
================================================================== 
0.6 0.25 0.5 0.75 
------------------------------------------------------------------ 
if((t2[o2[i]])) { 
    answer[j] = i; 
    j += (t1[o1[i]] & t3[o3[i]] & t4[o4[i]]); 
} 
------------------------------------------------------------------ 
cost: 15.75
================================================================== 
0.65 0.25 0.5 0.75 
------------------------------------------------------------------ 
if((t2[o2[i]])) { 
    answer[j] = i; 
    j += (t1[o1[i]] & t3[o3[i]] & t4[o4[i]]); 
} 
------------------------------------------------------------------ 
cost: 15.75
================================================================== 
0.7 0.25 0.5 0.75 
------------------------------------------------------------------ 
if((t2[o2[i]])) { 
    answer[j] = i; 
    j += (t1[o1[i]] & t3[o3[i]] & t4[o4[i]]); 
} 
------------------------------------------------------------------ 
cost: 15.75
================================================================== 
0.75 0.25 0.5 0.75 
------------------------------------------------------------------ 
if((t2[o2[i]])) { 
    answer[j] = i; 
    j += (t1[o1[i]] & t3[o3[i]] & t4[o4[i]]); 
} 
------------------------------------------------------------------ 
cost: 15.75
================================================================== 
0.8 0.25 0.5 0.75 
------------------------------------------------------------------ 
if((t2[o2[i]])) { 
    answer[j] = i; 
    j += (t1[o1[i]] & t3[o3[i]] & t4[o4[i]]); 
} 
------------------------------------------------------------------ 
cost: 15.75
================================================================== 
0.85 0.25 0.5 0.75 
------------------------------------------------------------------ 
if((t2[o2[i]])) { 
    answer[j] = i; 
    j += (t1[o1[i]] & t3[o3[i]] & t4[o4[i]]); 
} 
------------------------------------------------------------------ 
cost: 15.75
================================================================== 
0.9 0.25 0.5 0.75 
------------------------------------------------------------------ 
if((t2[o2[i]])) { 
    answer[j] = i; 
    j += (t1[o1[i]] & t3[o3[i]] & t4[o4[i]]); 
} 
------------------------------------------------------------------ 
cost: 15.75
================================================================== 
0.95 0.25 0.5 0.75 
------------------------------------------------------------------ 
if((t2[o2[i]])) { 
    answer[j] = i; 
    j += (t1[o1[i]] & t3[o3[i]] & t4[o4[i]]); 
} 
------------------------------------------------------------------ 
cost: 15.75
================================================================== 
1.0 0.25 0.5 0.75 
------------------------------------------------------------------ 
if((t2[o2[i]])) { 
    answer[j] = i; 
    j += (t1[o1[i]] & t3[o3[i]] & t4[o4[i]]); 
} 
------------------------------------------------------------------ 
cost: 15.75

