================================================================== 
0.0 0.0 0.0 0.0 
------------------------------------------------------------------ 
if((t4[o4[i]]) && ((t3[o3[i]]) && ((t2[o2[i]])))) { 
    answer[j] = i; 
    j += (t1[o1[i]]); 
} 
------------------------------------------------------------------ 
cost: 7.0
================================================================== 
0.4728708 0.4728708 0.4728708 0.4728708 
------------------------------------------------------------------ 
if((t3[o3[i]] & t4[o4[i]])) { 
    answer[j] = i; 
    j += (t1[o1[i]] & t2[o2[i]]); 
} 
------------------------------------------------------------------ 
cost: 19.4845969267819
================================================================== 
0.56234133 0.56234133 0.56234133 0.56234133 
------------------------------------------------------------------ 
if((t3[o3[i]] & t4[o4[i]])) { 
    answer[j] = i; 
    j += (t1[o1[i]] & t2[o2[i]]); 
} 
------------------------------------------------------------------ 
cost: 22.170605450798192
================================================================== 
0.622333 0.622333 0.622333 0.622333 
------------------------------------------------------------------ 
if((t3[o3[i]] & t4[o4[i]])) { 
    answer[j] = i; 
    j += (t1[o1[i]] & t2[o2[i]]); 
} 
------------------------------------------------------------------ 
cost: 24.231652168946926
================================================================== 
0.66874033 0.66874033 0.66874033 0.66874033 
------------------------------------------------------------------ 
    answer[j] = i; 
    j += (t1[o1[i]] & t2[o2[i]] & t3[o3[i]] & t4[o4[i]]); 
------------------------------------------------------------------ 
cost: 25.0
================================================================== 
0.70710677 0.70710677 0.70710677 0.70710677 
------------------------------------------------------------------ 
    answer[j] = i; 
    j += (t1[o1[i]] & t2[o2[i]] & t3[o3[i]] & t4[o4[i]]); 
------------------------------------------------------------------ 
cost: 25.0
================================================================== 
0.7400828 0.7400828 0.7400828 0.7400828 
------------------------------------------------------------------ 
    answer[j] = i; 
    j += (t1[o1[i]] & t2[o2[i]] & t3[o3[i]] & t4[o4[i]]); 
------------------------------------------------------------------ 
cost: 25.0
================================================================== 
0.76916057 0.76916057 0.76916057 0.76916057 
------------------------------------------------------------------ 
    answer[j] = i; 
    j += (t1[o1[i]] & t2[o2[i]] & t3[o3[i]] & t4[o4[i]]); 
------------------------------------------------------------------ 
cost: 25.0
================================================================== 
0.79527074 0.79527074 0.79527074 0.79527074 
------------------------------------------------------------------ 
    answer[j] = i; 
    j += (t1[o1[i]] & t2[o2[i]] & t3[o3[i]] & t4[o4[i]]); 
------------------------------------------------------------------ 
cost: 25.0
================================================================== 
0.81903625 0.81903625 0.81903625 0.81903625 
------------------------------------------------------------------ 
    answer[j] = i; 
    j += (t1[o1[i]] & t2[o2[i]] & t3[o3[i]] & t4[o4[i]]); 
------------------------------------------------------------------ 
cost: 25.0
================================================================== 
0.8408964 0.8408964 0.8408964 0.8408964 
------------------------------------------------------------------ 
    answer[j] = i; 
    j += (t1[o1[i]] & t2[o2[i]] & t3[o3[i]] & t4[o4[i]]); 
------------------------------------------------------------------ 
cost: 25.0
================================================================== 
0.8611735 0.8611735 0.8611735 0.8611735 
------------------------------------------------------------------ 
    answer[j] = i; 
    j += (t1[o1[i]] & t2[o2[i]] & t3[o3[i]] & t4[o4[i]]); 
------------------------------------------------------------------ 
cost: 25.0
================================================================== 
0.88011175 0.88011175 0.88011175 0.88011175 
------------------------------------------------------------------ 
    answer[j] = i; 
    j += (t1[o1[i]] & t2[o2[i]] & t3[o3[i]] & t4[o4[i]]); 
------------------------------------------------------------------ 
cost: 25.0
================================================================== 
0.89790076 0.89790076 0.89790076 0.89790076 
------------------------------------------------------------------ 
    answer[j] = i; 
    j += (t1[o1[i]] & t2[o2[i]] & t3[o3[i]] & t4[o4[i]]); 
------------------------------------------------------------------ 
cost: 25.0
================================================================== 
0.9146912 0.9146912 0.9146912 0.9146912 
------------------------------------------------------------------ 
    answer[j] = i; 
    j += (t1[o1[i]] & t2[o2[i]] & t3[o3[i]] & t4[o4[i]]); 
------------------------------------------------------------------ 
cost: 25.0
================================================================== 
0.9306049 0.9306049 0.9306049 0.9306049 
------------------------------------------------------------------ 
    answer[j] = i; 
    j += (t1[o1[i]] & t2[o2[i]] & t3[o3[i]] & t4[o4[i]]); 
------------------------------------------------------------------ 
cost: 25.0
================================================================== 
0.9457416 0.9457416 0.9457416 0.9457416 
------------------------------------------------------------------ 
    answer[j] = i; 
    j += (t1[o1[i]] & t2[o2[i]] & t3[o3[i]] & t4[o4[i]]); 
------------------------------------------------------------------ 
cost: 25.0
================================================================== 
0.9601846 0.9601846 0.9601846 0.9601846 
------------------------------------------------------------------ 
    answer[j] = i; 
    j += (t1[o1[i]] & t2[o2[i]] & t3[o3[i]] & t4[o4[i]]); 
------------------------------------------------------------------ 
cost: 25.0
================================================================== 
0.97400373 0.97400373 0.97400373 0.97400373 
------------------------------------------------------------------ 
    answer[j] = i; 
    j += (t1[o1[i]] & t2[o2[i]] & t3[o3[i]] & t4[o4[i]]); 
------------------------------------------------------------------ 
cost: 25.0
================================================================== 
0.98725855 0.98725855 0.98725855 0.98725855 
------------------------------------------------------------------ 
    answer[j] = i; 
    j += (t1[o1[i]] & t2[o2[i]] & t3[o3[i]] & t4[o4[i]]); 
------------------------------------------------------------------ 
cost: 25.0
================================================================== 
1.0 1.0 1.0 1.0 
------------------------------------------------------------------ 
    answer[j] = i; 
    j += (t1[o1[i]] & t2[o2[i]] & t3[o3[i]] & t4[o4[i]]); 
------------------------------------------------------------------ 
cost: 25.0

